<?xml version="1.0" encoding="UTF-8" ?>
<testsuites disabled="0" errors="0" failures="2" tests="3" time="0.009">
 <testsuite name="Example Test" timestamp="2022-07-01T13:51:42" hostname="localhost" time="0.009" errors="0" tests="3" skipped="0" disabled="0" failures="2">
  <testcase classname="Example Test" name="Should work with a mocked service" time="0.005">
   <failure type="exception" message="TypeError: Cannot read property &apos;body&apos; of undefined"><![CDATA[TypeError: Cannot read property 'body' of undefined
    at C:\Users\Joe\Documents\Repos\functions-skeleton\dist\HttpFunction\index.spec.js:25:45
    at Generator.next (<anonymous>)
    at fulfilled (C:\Users\Joe\Documents\Repos\functions-skeleton\dist\HttpFunction\index.spec.js:5:58)]]>
   </failure>
  </testcase>
  <testcase classname="Example Test" name="Should work with a GET request" time="0.001">
   <failure type="exception" message="TypeError: Cannot read property &apos;body&apos; of undefined"><![CDATA[TypeError: Cannot read property 'body' of undefined
    at C:\Users\Joe\Documents\Repos\functions-skeleton\dist\HttpFunction\index.spec.js:34:45
    at Generator.next (<anonymous>)
    at fulfilled (C:\Users\Joe\Documents\Repos\functions-skeleton\dist\HttpFunction\index.spec.js:5:58)]]>
   </failure>
  </testcase>
  <testcase classname="Example Test" name="Should work with a POST request" time="0.001" />
 </testsuite>
</testsuites>