<?xml version="1.0" encoding="UTF-8" ?>
<testsuites disabled="0" errors="0" failures="0" tests="1" time="0.01">
 <testsuite name="Example Test" timestamp="2022-06-30T18:55:27" hostname="localhost" time="0.01" errors="0" tests="1" skipped="0" disabled="0" failures="0">
  <testcase classname="Example Test" name="Should work with a mocked service" time="0.01" />
 </testsuite>
</testsuites>